<?xml version="1.0" encoding="UTF-8"?>
<!-- Generated by org.testng.reporters.JUnitReportReporter -->
<testsuite skipped="0" hostname="MSI" name="login.testingEquals" tests="1" failures="0" timestamp="20 Feb 2020 08:38:43 GMT" time="0.007" errors="0">
  <testcase name="equalsFour" time="0.007" classname="login.testingEquals"/>
</testsuite> <!-- login.testingEquals -->
